18:54:15 **** Incremental Build of project platform ****
buildplatform.bat 54534 platform no_domain_build 
XSDB Server Channel: tcfchan#10
hw_proc_handle is microblaze_0
slave_ifs S00_AXI bus_name microblaze_0_M_AXI_DP
C:/Xilinx/Vitis/2022.2/gnu/microblaze/nt
In start copy microblaze
INFO:[hsi-utils-101] "xprint_generated_header" tcl procedure is deprecated, use "hsi::utils::write_c_header " instead
INFO:[hsi-utils-101] "xget_interrupt_sources" tcl procedure is deprecated, use "hsi::utils::get_interrupt_sources microblaze_0" instead
INFO:[hsi-utils-101] "xget_name" tcl procedure is deprecated, use "hsi::utils::get_ip_param_name microblaze_0_axi_intc DEVICE_ID" instead
INFO:[hsi-utils-101] "xprint_generated_header" tcl procedure is deprecated, use "hsi::utils::write_c_header " instead
INFO:[hsi-utils-101] "xprint_generated_header" tcl procedure is deprecated, use "hsi::utils::write_c_header " instead
INFO:[hsi-utils-101] "get_ip_version" tcl procedure is deprecated, use "hsi::utils::get_ip_version microblaze_0" instead
Building the BSP Library for domain  - freertos10_xilinx_domain on processor microblaze_0
make --no-print-directory seq_libs

"Running Make include in microblaze_0/libsrc/bram_v4_8/src"

make -C microblaze_0/libsrc/bram_v4_8/src -s include  "SHELL=CMD" "COMPILER=mb-gcc" "ASSEMBLER=mb-as" "ARCHIVER=mb-ar" "COMPILE
R_FLAGS=  -O2 -c -mcpu=v11.0 -mhard-float -mlittle-endian -mxl-soft-mul" "EXTRA_COMPILER_FLAGS=-g -ffunction-sections -fdata-se
ctions -Wall -Wextra -fno-tree-loop-distribute-patterns"

"Running Make include in microblaze_0/libsrc/cpu_v2_16/src"

make -C microblaze_0/libsrc/cpu_v2_16/src -s include  "SHELL=CMD" "COMPILER=mb-gcc" "ASSEMBLER=mb-as" "ARCHIVER=mb-ar" "COMPILE
R_FLAGS=  -O2 -c -mcpu=v11.0 -mhard-float -mlittle-endian -mxl-soft-mul" "EXTRA_COMPILER_FLAGS=-g -ffunction-sections -fdata-se
ctions -Wall -Wextra -fno-tree-loop-distribute-patterns"

"Running Make include in microblaze_0/libsrc/freertos10_xilinx_v1_12/src"

make -C microblaze_0/libsrc/freertos10_xilinx_v1_12/src -s include  "SHELL=CMD" "COMPILER=mb-gcc" "ASSEMBLER=mb-as" "ARCHIVER=m
b-ar" "COMPILER_FLAGS=  -O2 -c -mcpu=v11.0 -mhard-float -mlittle-endian -mxl-soft-mul" "EXTRA_COMPILER_FLAGS=-g -ffunction-sect
ions -fdata-sections -Wall -Wextra -fno-tree-loop-distribute-patterns"

"includes"

"Running Make include in microblaze_0/libsrc/gpio_v4_9/src"

make -C microblaze_0/libsrc/gpio_v4_9/src -s include  "SHELL=CMD" "COMPILER=mb-gcc" "ASSEMBLER=mb-as" "ARCHIVER=mb-ar" "COMPILE
R_FLAGS=  -O2 -c -mcpu=v11.0 -mhard-float -mlittle-endian -mxl-soft-mul" "EXTRA_COMPILER_FLAGS=-g -ffunction-sections -fdata-se
ctions -Wall -Wextra -fno-tree-loop-distribute-patterns"

"Running Make include in microblaze_0/libsrc/iic_v3_9/src"

make -C microblaze_0/libsrc/iic_v3_9/src -s include  "SHELL=CMD" "COMPILER=mb-gcc" "ASSEMBLER=mb-as" "ARCHIVER=mb-ar" "COMPILER
_FLAGS=  -O2 -c -mcpu=v11.0 -mhard-float -mlittle-endian -mxl-soft-mul" "EXTRA_COMPILER_FLAGS=-g -ffunction-sections -fdata-sec
tions -Wall -Wextra -fno-tree-loop-distribute-patterns"

"Running Make include in microblaze_0/libsrc/intc_v3_15/src"

make -C microblaze_0/libsrc/intc_v3_15/src -s include  "SHELL=CMD" "COMPILER=mb-gcc" "ASSEMBLER=mb-as" "ARCHIVER=mb-ar" "COMPIL
ER_FLAGS=  -O2 -c -mcpu=v11.0 -mhard-float -mlittle-endian -mxl-soft-mul" "EXTRA_COMPILER_FLAGS=-g -ffunction-sections -fdata-s
ections -Wall -Wextra -fno-tree-loop-distribute-patterns"

"Running Make include in microblaze_0/libsrc/nexys4io_v1_0/src"

make -C microblaze_0/libsrc/nexys4io_v1_0/src -s include  "SHELL=CMD" "COMPILER=mb-gcc" "ASSEMBLER=mb-as" "ARCHIVER=mb-ar" "COM
PILER_FLAGS=  -O2 -c -mcpu=v11.0 -mhard-float -mlittle-endian -mxl-soft-mul" "EXTRA_COMPILER_FLAGS=-g -ffunction-sections -fdat
a-sections -Wall -Wextra -fno-tree-loop-distribute-patterns"

"Running Make include in microblaze_0/libsrc/tmrctr_v4_9/src"

make -C microblaze_0/libsrc/tmrctr_v4_9/src -s include  "SHELL=CMD" "COMPILER=mb-gcc" "ASSEMBLER=mb-as" "ARCHIVER=mb-ar" "COMPI
LER_FLAGS=  -O2 -c -mcpu=v11.0 -mhard-float -mlittle-endian -mxl-soft-mul" "EXTRA_COMPILER_FLAGS=-g -ffunction-sections -fdata-
sections -Wall -Wextra -fno-tree-loop-distribute-patterns"

"Running Make include in microblaze_0/libsrc/uartlite_v3_7/src"

make -C microblaze_0/libsrc/uartlite_v3_7/src -s include  "SHELL=CMD" "COMPILER=mb-gcc" "ASSEMBLER=mb-as" "ARCHIVER=mb-ar" "COM
PILER_FLAGS=  -O2 -c -mcpu=v11.0 -mhard-float -mlittle-endian -mxl-soft-mul" "EXTRA_COMPILER_FLAGS=-g -ffunction-sections -fdat
a-sections -Wall -Wextra -fno-tree-loop-distribute-patterns"

"Running Make libs in microblaze_0/libsrc/nexys4io_v1_0/src"

make -C microblaze_0/libsrc/nexys4io_v1_0/src -s libs  "SHELL=CMD" "COMPILER=mb-gcc" "ASSEMBLER=mb-as" "ARCHIVER=mb-ar" "COMPIL
ER_FLAGS=  -O2 -c -mcpu=v11.0 -mhard-float -mlittle-endian -mxl-soft-mul" "EXTRA_COMPILER_FLAGS=-g -ffunction-sections -fdata-s
ections -Wall -Wextra -fno-tree-loop-distribute-patterns"

"Compiling nexys4IO..."

mb-ar: creating ../../../lib/libxil.a
'Finished building libraries sequentially.'

make -j 18 --no-print-directory par_libs

"Running Make include in microblaze_0/libsrc/bram_v4_8/src"

make -C microblaze_0/libsrc/bram_v4_8/src -s include  "SHELL=CMD" "COMPILER=mb-gcc" "ASSEMBLER=mb-as" "ARCHIVER=mb-ar" "COMPILE
R_FLAGS=  -O2 -c -mcpu=v11.0 -mhard-float -mlittle-endian -mxl-soft-mul" "EXTRA_COMPILER_FLAGS=-g -ffunction-sections -fdata-se
ctions -Wall -Wextra -fno-tree-loop-distribute-patterns"

"Running Make include in microblaze_0/libsrc/cpu_v2_16/src"

make -C microblaze_0/libsrc/cpu_v2_16/src -s include  "SHELL=CMD" "COMPILER=mb-gcc" "ASSEMBLER=mb-as" "ARCHIVER=mb-ar" "COMPILE
R_FLAGS=  -O2 -c -mcpu=v11.0 -mhard-float -mlittle-endian -mxl-soft-mul" "EXTRA_COMPILER_FLAGS=-g -ffunction-sections -fdata-se
ctions -Wall -Wextra -fno-tree-loop-distribute-patterns"

"Running Make include in microblaze_0/libsrc/freertos10_xilinx_v1_12/src"

"Running Make include in microblaze_0/libsrc/gpio_v4_9/src"

make -C microblaze_0/libsrc/freertos10_xilinx_v1_12/src -s include  "SHELL=CMD" "COMPILER=mb-gcc" "ASSEMBLER=mb-as" "ARCHIVER=m
b-ar" "COMPILER_FLAGS=  -O2 -c -mcpu=v11.0 -mhard-float -mlittle-endian -mxl-soft-mul" "EXTRA_COMPILER_FLAGS=-g -ffunction-sect
ions -fdata-sections -Wall -Wextra -fno-tree-loop-distribute-patterns"

make -C microblaze_0/libsrc/gpio_v4_9/src -s include  "SHELL=CMD" "COMPILER=mb-gcc" "ASSEMBLER=mb-as" "ARCHIVER=mb-ar" "COMPILE
R_FLAGS=  -O2 -c -mcpu=v11.0 -mhard-float -mlittle-endian -mxl-soft-mul" "EXTRA_COMPILER_FLAGS=-g -ffunction-sections -fdata-se
ctions -Wall -Wextra -fno-tree-loop-distribute-patterns"

"Running Make include in microblaze_0/libsrc/iic_v3_9/src"

make -C microblaze_0/libsrc/iic_v3_9/src -s include  "SHELL=CMD" "COMPILER=mb-gcc" "ASSEMBLER=mb-as" "ARCHIVER=mb-ar" "COMPILER
_FLAGS=  -O2 -c -mcpu=v11.0 -mhard-float -mlittle-endian -mxl-soft-mul" "EXTRA_COMPILER_FLAGS=-g -ffunction-sections -fdata-sec
tions -Wall -Wextra -fno-tree-loop-distribute-patterns"

"Running Make include in microblaze_0/libsrc/intc_v3_15/src"

"Running Make include in microblaze_0/libsrc/nexys4io_v1_0/src"

make -C microblaze_0/libsrc/intc_v3_15/src -s include  "SHELL=CMD" "COMPILER=mb-gcc" "ASSEMBLER=mb-as" "ARCHIVER=mb-ar" "COMPIL
ER_FLAGS=  -O2 -c -mcpu=v11.0 -mhard-float -mlittle-endian -mxl-soft-mul" "EXTRA_COMPILER_FLAGS=-g -ffunction-sections -fdata-s
ections -Wall -Wextra -fno-tree-loop-distribute-patterns"

make -C microblaze_0/libsrc/nexys4io_v1_0/src -s include  "SHELL=CMD" "COMPILER=mb-gcc" "ASSEMBLER=mb-as" "ARCHIVER=mb-ar" "COM
PILER_FLAGS=  -O2 -c -mcpu=v11.0 -mhard-float -mlittle-endian -mxl-soft-mul" "EXTRA_COMPILER_FLAGS=-g -ffunction-sections -fdat
a-sections -Wall -Wextra -fno-tree-loop-distribute-patterns"

"includes"

"Running Make include in microblaze_0/libsrc/tmrctr_v4_9/src"

make -C microblaze_0/libsrc/tmrctr_v4_9/src -s include  "SHELL=CMD" "COMPILER=mb-gcc" "ASSEMBLER=mb-as" "ARCHIVER=mb-ar" "COMPI
LER_FLAGS=  -O2 -c -mcpu=v11.0 -mhard-float -mlittle-endian -mxl-soft-mul" "EXTRA_COMPILER_FLAGS=-g -ffunction-sections -fdata-
sections -Wall -Wextra -fno-tree-loop-distribute-patterns"

"Running Make include in microblaze_0/libsrc/uartlite_v3_7/src"

make -C microblaze_0/libsrc/uartlite_v3_7/src -s include  "SHELL=CMD" "COMPILER=mb-gcc" "ASSEMBLER=mb-as" "ARCHIVER=mb-ar" "COM
PILER_FLAGS=  -O2 -c -mcpu=v11.0 -mhard-float -mlittle-endian -mxl-soft-mul" "EXTRA_COMPILER_FLAGS=-g -ffunction-sections -fdat
a-sections -Wall -Wextra -fno-tree-loop-distribute-patterns"

"Running Make libs in microblaze_0/libsrc/bram_v4_8/src"

make -C microblaze_0/libsrc/bram_v4_8/src -s libs  "SHELL=CMD" "COMPILER=mb-gcc" "ASSEMBLER=mb-as" "ARCHIVER=mb-ar" "COMPILER_F
LAGS=  -O2 -c -mcpu=v11.0 -mhard-float -mlittle-endian -mxl-soft-mul" "EXTRA_COMPILER_FLAGS=-g -ffunction-sections -fdata-secti
ons -Wall -Wextra -fno-tree-loop-distribute-patterns"

"Running Make libs in microblaze_0/libsrc/cpu_v2_16/src"

"Running Make libs in microblaze_0/libsrc/freertos10_xilinx_v1_12/src"

make -C microblaze_0/libsrc/cpu_v2_16/src -s libs  "SHELL=CMD" "COMPILER=mb-gcc" "ASSEMBLER=mb-as" "ARCHIVER=mb-ar" "COMPILER_F
LAGS=  -O2 -c -mcpu=v11.0 -mhard-float -mlittle-endian -mxl-soft-mul" "EXTRA_COMPILER_FLAGS=-g -ffunction-sections -fdata-secti
ons -Wall -Wextra -fno-tree-loop-distribute-patterns"

"Running Make libs in microblaze_0/libsrc/gpio_v4_9/src"

make -C microblaze_0/libsrc/freertos10_xilinx_v1_12/src -s libs  "SHELL=CMD" "COMPILER=mb-gcc" "ASSEMBLER=mb-as" "ARCHIVER=mb-a
r" "COMPILER_FLAGS=  -O2 -c -mcpu=v11.0 -mhard-float -mlittle-endian -mxl-soft-mul" "EXTRA_COMPILER_FLAGS=-g -ffunction-section
s -fdata-sections -Wall -Wextra -fno-tree-loop-distribute-patterns"

make -C microblaze_0/libsrc/gpio_v4_9/src -s libs  "SHELL=CMD" "COMPILER=mb-gcc" "ASSEMBLER=mb-as" "ARCHIVER=mb-ar" "COMPILER_F
LAGS=  -O2 -c -mcpu=v11.0 -mhard-float -mlittle-endian -mxl-soft-mul" "EXTRA_COMPILER_FLAGS=-g -ffunction-sections -fdata-secti
ons -Wall -Wextra -fno-tree-loop-distribute-patterns"

"Running Make libs in microblaze_0/libsrc/iic_v3_9/src"

make -C microblaze_0/libsrc/iic_v3_9/src -s libs  "SHELL=CMD" "COMPILER=mb-gcc" "ASSEMBLER=mb-as" "ARCHIVER=mb-ar" "COMPILER_FL
AGS=  -O2 -c -mcpu=v11.0 -mhard-float -mlittle-endian -mxl-soft-mul" "EXTRA_COMPILER_FLAGS=-g -ffunction-sections -fdata-sectio
ns -Wall -Wextra -fno-tree-loop-distribute-patterns"

"Running Make libs in microblaze_0/libsrc/intc_v3_15/src"

make -C microblaze_0/libsrc/intc_v3_15/src -s libs  "SHELL=CMD" "COMPILER=mb-gcc" "ASSEMBLER=mb-as" "ARCHIVER=mb-ar" "COMPILER_
FLAGS=  -O2 -c -mcpu=v11.0 -mhard-float -mlittle-endian -mxl-soft-mul" "EXTRA_COMPILER_FLAGS=-g -ffunction-sections -fdata-sect
ions -Wall -Wextra -fno-tree-loop-distribute-patterns"

"Running Make libs in microblaze_0/libsrc/tmrctr_v4_9/src"

make -C microblaze_0/libsrc/tmrctr_v4_9/src -s libs  "SHELL=CMD" "COMPILER=mb-gcc" "ASSEMBLER=mb-as" "ARCHIVER=mb-ar" "COMPILER
_FLAGS=  -O2 -c -mcpu=v11.0 -mhard-float -mlittle-endian -mxl-soft-mul" "EXTRA_COMPILER_FLAGS=-g -ffunction-sections -fdata-sec
tions -Wall -Wextra -fno-tree-loop-distribute-patterns"

"Running Make libs in microblaze_0/libsrc/uartlite_v3_7/src"

make -C microblaze_0/libsrc/uartlite_v3_7/src -s libs  "SHELL=CMD" "COMPILER=mb-gcc" "ASSEMBLER=mb-as" "ARCHIVER=mb-ar" "COMPIL
ER_FLAGS=  -O2 -c -mcpu=v11.0 -mhard-float -mlittle-endian -mxl-soft-mul" "EXTRA_COMPILER_FLAGS=-g -ffunction-sections -fdata-s
ections -Wall -Wextra -fno-tree-loop-distribute-patterns"

mb-ar: creating ../../../lib/libfreertos.a
microblaze_sleep.c:81:9: note: '#pragma message: For the sleep routines, assembly instructions are used'
   81 | #pragma message ("For the sleep routines, assembly instructions are used")
      |         ^~~~~~~
'Finished building libraries parallelly.'

make --no-print-directory archive

mb-ar -r  microblaze_0/lib/libxil.a microblaze_0/lib/_exit.o microblaze_0/lib/errno.o microblaze_0/lib/fcntl.o microblaze_0/lib
/hw_exception_handler.o microblaze_0/lib/inbyte.o microblaze_0/lib/microblaze_disable_dcache.o microblaze_0/lib/microblaze_disa
ble_exceptions.o microblaze_0/lib/microblaze_disable_icache.o microblaze_0/lib/microblaze_disable_interrupts.o microblaze_0/lib
/microblaze_enable_dcache.o microblaze_0/lib/microblaze_enable_exceptions.o microblaze_0/lib/microblaze_enable_icache.o microbl
aze_0/lib/microblaze_enable_interrupts.o microblaze_0/lib/microblaze_exception_handler.o microblaze_0/lib/microblaze_flush_cach
e_ext.o microblaze_0/lib/microblaze_flush_cache_ext_range.o microblaze_0/lib/microblaze_flush_dcache.o microblaze_0/lib/microbl
aze_flush_dcache_range.o microblaze_0/lib/microblaze_init_dcache_range.o microblaze_0/lib/microblaze_init_icache_range.o microb
laze_0/lib/microblaze_interrupts_g.o microblaze_0/lib/microblaze_invalidate_cache_ext.o microblaze_0/lib/microblaze_invalidate_
cache_ext_range.o microblaze_0/lib/microblaze_invalidate_dcache.o microblaze_0/lib/microblaze_invalidate_dcache_range.o microbl
aze_0/lib/microblaze_invalidate_icache.o microblaze_0/lib/microblaze_invalidate_icache_range.o microblaze_0/lib/microblaze_scru
b.o microblaze_0/lib/microblaze_selftest.o microblaze_0/lib/microblaze_sleep.o microblaze_0/lib/microblaze_update_dcache.o micr
oblaze_0/lib/microblaze_update_icache.o microblaze_0/lib/outbyte.o microblaze_0/lib/print.o microblaze_0/lib/pvr.o microblaze_0
/lib/xbram.o microblaze_0/lib/xbram_g.o microblaze_0/lib/xbram_intr.o microblaze_0/lib/xbram_selftest.o microblaze_0/lib/xbram_
sinit.o microblaze_0/lib/xgpio.o microblaze_0/lib/xgpio_extra.o microblaze_0/lib/xgpio_g.o microblaze_0/lib/xgpio_intr.o microb
laze_0/lib/xgpio_selftest.o microblaze_0/lib/xgpio_sinit.o microblaze_0/lib/xiic.o microblaze_0/lib/xiic_dyn_master.o microblaz
e_0/lib/xiic_g.o microblaze_0/lib/xiic_intr.o microblaze_0/lib/xiic_l.o microblaze_0/lib/xiic_master.o microblaze_0/lib/xiic_mu
lti_master.o microblaze_0/lib/xiic_options.o microblaze_0/lib/xiic_selftest.o microblaze_0/lib/xiic_sinit.o microblaze_0/lib/xi
ic_slave.o microblaze_0/lib/xiic_stats.o microblaze_0/lib/xil_assert.o microblaze_0/lib/xil_cache.o microblaze_0/lib/xil_clocki
ng.o microblaze_0/lib/xil_exception.o microblaze_0/lib/xil_mem.o microblaze_0/lib/xil_misc_psreset_api.o microblaze_0/lib/xil_p
rintf.o microblaze_0/lib/xil_sleepcommon.o microblaze_0/lib/xil_testcache.o microblaze_0/lib/xil_testio.o microblaze_0/lib/xil_
testmem.o microblaze_0/lib/xil_util.o microblaze_0/lib/xintc.o microblaze_0/lib/xintc_g.o microblaze_0/lib/xintc_intr.o microbl
aze_0/lib/xintc_l.o microblaze_0/lib/xintc_options.o microblaze_0/lib/xintc_selftest.o microblaze_0/lib/xinterrupt_wrap.o micro
blaze_0/lib/xio.o microblaze_0/lib/xplatform_info.o microblaze_0/lib/xtmrctr.o microblaze_0/lib/xtmrctr_g.o microblaze_0/lib/xt
mrctr_intr.o microblaze_0/lib/xtmrctr_l.o microblaze_0/lib/xtmrctr_options.o microblaze_0/lib/xtmrctr_selftest.o microblaze_0/l
ib/xtmrctr_sinit.o microblaze_0/lib/xtmrctr_stats.o microblaze_0/lib/xuartlite.o microblaze_0/lib/xuartlite_g.o microblaze_0/li
b/xuartlite_intr.o microblaze_0/lib/xuartlite_l.o microblaze_0/lib/xuartlite_selftest.o microblaze_0/lib/xuartlite_sinit.o micr
oblaze_0/lib/xuartlite_stats.o

'Finished building libraries'


18:54:21 Build Finished (took 6s.139ms)

